<?xml version="1.0" encoding="UTF-8"?>
<!-- Generated by org.testng.reporters.JUnitReportReporter -->
<testsuite hostname="DESKTOP-GTCRE9N" failures="0" tests="8" name="com.tests.web.CarDekhoPageTest" time="9.754" errors="0" timestamp="2022-07-05T17:19:26 IST" skipped="0">
  <testcase classname="com.tests.web.CarDekhoPageTest" name="OpenCarDekhoUrlTest" time="1.426"/>
  <system-out/>
  <testcase classname="com.tests.web.CarDekhoPageTest" name="SelectBudgetRangeTest" time="1.713"/>
  <system-out/>
  <testcase classname="com.tests.web.CarDekhoPageTest" name="SelectCityTest" time="0.467"/>
  <system-out/>
  <testcase classname="com.tests.web.CarDekhoPageTest" name="NavigateToUsedCarPageTest" time="1.384"/>
  <system-out/>
  <testcase classname="com.tests.web.CarDekhoPageTest" name="SortByPriceTest" time="0.935"/>
  <system-out/>
  <testcase classname="com.tests.web.CarDekhoPageTest" name="SelectCarTest" time="1.759"/>
  <system-out/>
  <testcase classname="com.tests.web.CarDekhoPageTest" name="SelectReportTest" time="1.400"/>
  <system-out/>
  <testcase classname="com.tests.web.CarDekhoPageTest" name="clickCarImageTest" time="0.670"/>
  <system-out/>
</testsuite> <!-- com.tests.web.CarDekhoPageTest -->
